<?xml version="1.0" encoding="UTF-8"?>
<!-- Generated by org.testng.reporters.JUnitReportReporter -->
<testsuite hostname="LAPTOP-2GM121DF" failures="0" tests="1" name="testNGPkg.SimpleLogin" time="4.163" errors="0" timestamp="2022-02-01T18:47:45 PST" skipped="0">
  <testcase classname="testNGPkg.SimpleLogin" name="launch" time="4.163"/>
  <system-out/>
</testsuite> <!-- testNGPkg.SimpleLogin -->
