<?xml version="1.0" encoding="UTF-8"?>
<!-- Generated by org.testng.reporters.JUnitReportReporter -->
<testsuite hostname="LAPTOP-2GM121DF" failures="0" tests="3" name="testNGPkg.Functionality2" time="0.005" errors="0" timestamp="2022-01-21T18:20:51 PST" skipped="0">
  <testcase classname="testNGPkg.Functionality2" name="functionality2Test1" time="0.002"/>
  <system-out/>
  <testcase classname="testNGPkg.Functionality2" name="functionality2Test3" time="0.001"/>
  <system-out/>
  <testcase classname="testNGPkg.Functionality2" name="functionality2Test2" time="0.002"/>
  <system-out/>
</testsuite> <!-- testNGPkg.Functionality2 -->
