<?xml version="1.0" encoding="UTF-8"?>
<!-- Generated by org.testng.reporters.JUnitReportReporter -->
<testsuite hostname="LAPTOP-2GM121DF" failures="0" tests="7" name="testNGPkg.Priority" time="0.036" errors="0" timestamp="2022-02-08T17:42:33 PST" skipped="1">
  <testcase classname="testNGPkg.Priority" name="testMethod2" time="0.002"/>
  <system-out/>
  <testcase classname="testNGPkg.Priority" name="testMethod2" time="0.003"/>
  <system-out/>
  <testcase classname="testNGPkg.Priority" name="testMethod2" time="0.022"/>
  <system-out/>
  <testcase classname="testNGPkg.Priority" name="testMethod2" time="0.003"/>
  <system-out/>
  <testcase classname="testNGPkg.Priority" name="testMethod2" time="0.003"/>
  <system-out/>
  <testcase classname="testNGPkg.Priority" name="testMethod1" time="0.003"/>
  <system-out/>
  <testcase classname="testNGPkg.Priority" name="testMethod3">
    <skipped/>
  </testcase> <!-- testMethod3 -->
  <system-out/>
</testsuite> <!-- testNGPkg.Priority -->
