<?xml version="1.0" encoding="UTF-8"?>
<!-- Generated by org.testng.reporters.JUnitReportReporter -->
<testsuite hostname="LAPTOP-2GM121DF" failures="0" tests="1" name="testNGPkg.MarksEntryInMethods" time="12.899" errors="0" timestamp="2022-02-02T13:41:48 PST" skipped="0">
  <testcase classname="testNGPkg.MarksEntryInMethods" name="launch" time="12.899"/>
  <system-out/>
</testsuite> <!-- testNGPkg.MarksEntryInMethods -->
