<?xml version="1.0" encoding="UTF-8"?>
<!-- Generated by org.testng.reporters.JUnitReportReporter -->
<testsuite hostname="LAPTOP-2GM121DF" failures="0" tests="1" name="testNGPkg.MouseHover" time="5.481" errors="0" timestamp="2022-01-31T22:33:02 PST" skipped="0">
  <testcase classname="testNGPkg.MouseHover" name="hover" time="5.481"/>
  <system-out/>
</testsuite> <!-- testNGPkg.MouseHover -->
