<?xml version="1.0" encoding="UTF-8"?>
<!-- Generated by org.testng.reporters.JUnitReportReporter -->
<testsuite hostname="LAPTOP-2GM121DF" failures="0" tests="7" name="testNGPkg.DependsOnMethodsAndGroups" time="0.009" errors="0" timestamp="2021-12-29T19:33:12 PST" skipped="0">
  <testcase classname="testNGPkg.DependsOnMethodsAndGroups" name="init" time="0.005"/>
  <system-out/>
  <testcase classname="testNGPkg.DependsOnMethodsAndGroups" name="insert" time="0.000"/>
  <system-out/>
  <testcase classname="testNGPkg.DependsOnMethodsAndGroups" name="cleanUpMethod" time="0.000"/>
  <system-out/>
  <testcase classname="testNGPkg.DependsOnMethodsAndGroups" name="cleanUpMethod" time="0.001"/>
  <system-out/>
  <testcase classname="testNGPkg.DependsOnMethodsAndGroups" name="deleteMethod" time="0.001"/>
  <system-out/>
  <testcase classname="testNGPkg.DependsOnMethodsAndGroups" name="updatedMethod" time="0.001"/>
  <system-out/>
  <testcase classname="testNGPkg.DependsOnMethodsAndGroups" name="selectMethod" time="0.001"/>
  <system-out/>
</testsuite> <!-- testNGPkg.DependsOnMethodsAndGroups -->
