<?xml version="1.0" encoding="UTF-8"?>
<!-- Generated by org.testng.reporters.JUnitReportReporter -->
<testsuite hostname="LAPTOP-2GM121DF" failures="0" tests="1" name="testNGPkg.RadioButton" time="16.447" errors="0" timestamp="2022-01-28T19:21:28 PST" skipped="0">
  <testcase classname="testNGPkg.RadioButton" name="communication" time="16.447"/>
  <system-out/>
</testsuite> <!-- testNGPkg.RadioButton -->
