<?xml version="1.0" encoding="UTF-8"?>
<!-- Generated by org.testng.reporters.JUnitReportReporter -->
<testsuite hostname="LAPTOP-2GM121DF" failures="0" tests="8" name="testNGPkg.ParallelExecutionTest1" time="70.909" errors="0" timestamp="2021-12-30T18:07:50 PST" skipped="0">
  <testcase classname="testNGPkg.ParallelExecutionTest1" name="method1" time="9.203"/>
  <system-out/>
  <testcase classname="testNGPkg.ParallelExecutionTest1" name="method2" time="8.413"/>
  <system-out/>
  <testcase classname="testNGPkg.ParallelExecutionTest1" name="method4" time="9.311"/>
  <system-out/>
  <testcase classname="testNGPkg.ParallelExecutionTest1" name="method3" time="7.702"/>
  <system-out/>
  <testcase classname="testNGPkg.ParallelExecutionTest1" name="method3" time="9.142"/>
  <system-out/>
  <testcase classname="testNGPkg.ParallelExecutionTest1" name="method4" time="8.683"/>
  <system-out/>
  <testcase classname="testNGPkg.ParallelExecutionTest1" name="method1" time="9.220"/>
  <system-out/>
  <testcase classname="testNGPkg.ParallelExecutionTest1" name="method2" time="9.235"/>
  <system-out/>
</testsuite> <!-- testNGPkg.ParallelExecutionTest1 -->
