<?xml version="1.0" encoding="UTF-8"?>
<!-- Generated by org.testng.reporters.JUnitReportReporter -->
<testsuite hostname="LAPTOP-2GM121DF" failures="0" tests="1" name="testNGPkg.ExtentReportPgm" time="2.798" errors="0" timestamp="2022-01-21T17:45:04 PST" skipped="0">
  <testcase classname="testNGPkg.ExtentReportPgm" name="googleSearch" time="2.798"/>
  <system-out/>
</testsuite> <!-- testNGPkg.ExtentReportPgm -->
