<?xml version="1.0" encoding="UTF-8"?>
<!-- Generated by org.testng.reporters.JUnitReportReporter -->
<testsuite hostname="LAPTOP-2GM121DF" failures="0" tests="3" name="testNGPkg.Functionality1" time="0.065" errors="0" timestamp="2022-01-21T18:20:51 PST" skipped="0">
  <testcase classname="testNGPkg.Functionality1" name="functionality1Test3" time="0.002"/>
  <system-out/>
  <testcase classname="testNGPkg.Functionality1" name="functionality1Test1" time="0.061"/>
  <system-out/>
  <testcase classname="testNGPkg.Functionality1" name="functionality1Test2" time="0.002"/>
  <system-out/>
</testsuite> <!-- testNGPkg.Functionality1 -->
