<?xml version="1.0" encoding="UTF-8"?>
<!-- Generated by org.testng.reporters.JUnitReportReporter -->
<testsuite hostname="LAPTOP-2GM121DF" failures="0" tests="1" name="testNGPkg.ByClassProgram" time="13.599" errors="0" timestamp="2022-02-09T23:21:52 PST" skipped="0">
  <testcase classname="testNGPkg.ByClassProgram" name="launch" time="13.599"/>
  <system-out/>
</testsuite> <!-- testNGPkg.ByClassProgram -->
