<?xml version="1.0" encoding="UTF-8"?>
<!-- Generated by org.testng.reporters.JUnitReportReporter -->
<testsuite hostname="LAPTOP-2GM121DF" failures="0" tests="4" name="testNGPkg.ParallelExecutionTests" time="0.007" errors="0" timestamp="2021-12-30T18:07:50 PST" skipped="0">
  <testcase classname="testNGPkg.ParallelExecutionTests" name="method1" time="0.000"/>
  <system-out/>
  <testcase classname="testNGPkg.ParallelExecutionTests" name="method2" time="0.001"/>
  <system-out/>
  <testcase classname="testNGPkg.ParallelExecutionTests" name="method3" time="0.002"/>
  <system-out/>
  <testcase classname="testNGPkg.ParallelExecutionTests" name="method4" time="0.004"/>
  <system-out/>
</testsuite> <!-- testNGPkg.ParallelExecutionTests -->
