<?xml version="1.0" encoding="UTF-8"?>
<!-- Generated by org.testng.reporters.JUnitReportReporter -->
<testsuite hostname="LAPTOP-2GM121DF" failures="0" tests="1" name="testNGPkg.GroupsExperiment" time="0.007" errors="0" timestamp="2021-12-29T16:20:29 PST" skipped="0">
  <testcase classname="testNGPkg.GroupsExperiment" name="testMethod3" time="0.007"/>
  <system-out/>
</testsuite> <!-- testNGPkg.GroupsExperiment -->
