<?xml version="1.0" encoding="UTF-8"?>
<!-- Generated by org.testng.reporters.JUnitReportReporter -->
<testsuite hostname="LAPTOP-2GM121DF" failures="0" tests="3" name="testNGPkg.MethodIncludeExclude" time="0.008" errors="0" timestamp="2021-12-29T16:04:08 PST" skipped="0">
  <testcase classname="testNGPkg.MethodIncludeExclude" name="testMethod4" time="0.000"/>
  <system-out/>
  <testcase classname="testNGPkg.MethodIncludeExclude" name="testMethod2" time="0.001"/>
  <system-out/>
  <testcase classname="testNGPkg.MethodIncludeExclude" name="testMethod1" time="0.007"/>
  <system-out/>
</testsuite> <!-- testNGPkg.MethodIncludeExclude -->
