<?xml version="1.0" encoding="UTF-8"?>
<!-- Generated by org.testng.reporters.JUnitReportReporter -->
<testsuite hostname="LAPTOP-2GM121DF" failures="0" tests="1" name="testNGPkg.AllAnnotations" time="0.003" errors="0" timestamp="2021-12-29T19:22:46 PST" skipped="0">
  <testcase classname="testNGPkg.AllAnnotations" name="testMethod" time="0.003"/>
  <system-out/>
</testsuite> <!-- testNGPkg.AllAnnotations -->
