<?xml version="1.0" encoding="UTF-8"?>
<!-- Generated by org.testng.reporters.JUnitReportReporter -->
<testsuite hostname="LAPTOP-2GM121DF" failures="0" tests="3" name="testNGPkg.DifferentParameters" time="0.006" errors="0" timestamp="2021-12-31T18:18:04 PST" skipped="0">
  <testcase classname="testNGPkg.DifferentParameters" name="method1" time="0.005"/>
  <system-out/>
  <testcase classname="testNGPkg.DifferentParameters" name="method3" time="0.001"/>
  <system-out/>
  <testcase classname="testNGPkg.DifferentParameters" name="method2" time="0.000"/>
  <system-out/>
</testsuite> <!-- testNGPkg.DifferentParameters -->
