<?xml version="1.0" encoding="UTF-8"?>
<!-- Generated by org.testng.reporters.JUnitReportReporter -->
<testsuite hostname="LAPTOP-2GM121DF" failures="0" tests="3" name="testNGPkg.DependsOnMethods" time="0.010" errors="0" timestamp="2021-12-29T19:10:34 PST" skipped="0">
  <testcase classname="testNGPkg.DependsOnMethods" name="testMethod1" time="0.004"/>
  <system-out/>
  <testcase classname="testNGPkg.DependsOnMethods" name="testMethod3" time="0.006"/>
  <system-out/>
  <testcase classname="testNGPkg.DependsOnMethods" name="testMethod2" time="0.000"/>
  <system-out/>
</testsuite> <!-- testNGPkg.DependsOnMethods -->
