<?xml version="1.0" encoding="UTF-8"?>
<!-- Generated by org.testng.reporters.JUnitReportReporter -->
<testsuite hostname="LAPTOP-2GM121DF" failures="0" tests="1" name="testNGPkg.MultipleBeforeMethods" time="0.009" errors="0" timestamp="2021-12-29T19:22:04 PST" skipped="0">
  <testcase classname="testNGPkg.MultipleBeforeMethods" name="testMethod" time="0.009"/>
  <system-out/>
</testsuite> <!-- testNGPkg.MultipleBeforeMethods -->
