<?xml version="1.0" encoding="UTF-8"?>
<!-- Generated by org.testng.reporters.JUnitReportReporter -->
<testsuite hostname="LAPTOP-2GM121DF" failures="0" tests="6" name="testNGPkg.DataProviderClass" time="0.013" errors="0" timestamp="2021-12-30T18:49:06 PST" skipped="0">
  <testcase classname="testNGPkg.DataProviderClass" name="Method3" time="0.005"/>
  <system-out/>
  <testcase classname="testNGPkg.DataProviderClass" name="Method1" time="0.001"/>
  <system-out/>
  <testcase classname="testNGPkg.DataProviderClass" name="Method2" time="0.000"/>
  <system-out/>
  <testcase classname="testNGPkg.DataProviderClass" name="Method3" time="0.001"/>
  <system-out/>
  <testcase classname="testNGPkg.DataProviderClass" name="Method2" time="0.001"/>
  <system-out/>
  <testcase classname="testNGPkg.DataProviderClass" name="Method1" time="0.005"/>
  <system-out/>
</testsuite> <!-- testNGPkg.DataProviderClass -->
