<?xml version="1.0" encoding="UTF-8"?>
<!-- Generated by org.testng.reporters.JUnitReportReporter -->
<testsuite hostname="LAPTOP-2GM121DF" failures="0" tests="2" name="testNGPkg.GroupsExample" time="0.006" errors="0" timestamp="2021-12-29T19:20:47 PST" skipped="0">
  <testcase classname="testNGPkg.GroupsExample" name="testMethod1" time="0.005"/>
  <system-out/>
  <testcase classname="testNGPkg.GroupsExample" name="testMethod2" time="0.001"/>
  <system-out/>
</testsuite> <!-- testNGPkg.GroupsExample -->
